[NX Daemon Server] - 2024-07-26T03:06:47.643Z - Started listening on: /var/folders/4m/x29k2xt9641fcnhktflc4zx40000gn/T/70e4f04146c6868da744/d.sock
[NX Daemon Server] - 2024-07-26T03:06:47.659Z - [WATCHER]: Subscribed to changes within: /Users/blucas/Code/group-opensource/page-spy (native)
[NX Daemon Server] - 2024-07-26T03:06:47.662Z - Established a connection. Number of open connections: 1
[NX Daemon Server] - 2024-07-26T03:06:47.665Z - Established a connection. Number of open connections: 2
[NX Daemon Server] - 2024-07-26T03:06:47.670Z - [REQUEST]: Client Request for Project Graph Received
[NX Daemon Server] - 2024-07-26T03:06:47.684Z - Closed a connection. Number of open connections: 1
[NX Daemon Server] - 2024-07-26T03:06:49.524Z - [REQUEST]: Updated workspace context based on watched changes, recomputing project graph...
[NX Daemon Server] - 2024-07-26T03:06:49.525Z - [REQUEST]: 
[NX Daemon Server] - 2024-07-26T03:06:49.525Z - [REQUEST]: 
[NX Daemon Server] - 2024-07-26T03:06:49.608Z - Time taken for 'loadNxPlugins' 1850.9997780323029ms
[NX Daemon Server] - 2024-07-26T03:06:54.768Z - Time taken for 'build-project-configs' 5120.673056006432ms
[NX Daemon Server] - 2024-07-26T03:06:55.576Z - [REQUEST]: Responding to the client. project-graph
[NX Daemon Server] - 2024-07-26T03:06:55.587Z - Time taken for 'total for creating and serializing project graph' 7906.404802083969ms
[NX Daemon Server] - 2024-07-26T03:06:55.596Z - Done responding to the client project-graph
[NX Daemon Server] - 2024-07-26T03:06:55.596Z - Handled REQUEST_PROJECT_GRAPH. Handling time: 7907. Response time: 20.
[NX Daemon Server] - 2024-07-26T03:06:55.624Z - [REQUEST]: Responding to the client. handleContextFileData
[NX Daemon Server] - 2024-07-26T03:06:55.624Z - Done responding to the client handleContextFileData
[NX Daemon Server] - 2024-07-26T03:06:55.624Z - Handled GET_CONTEXT_FILE_DATA. Handling time: 2. Response time: 0.
[NX Daemon Server] - 2024-07-26T03:06:55.937Z - Established a connection. Number of open connections: 2
[NX Daemon Server] - 2024-07-26T03:06:55.937Z - Established a connection. Number of open connections: 3
[NX Daemon Server] - 2024-07-26T03:06:55.938Z - Closed a connection. Number of open connections: 2
[NX Daemon Server] - 2024-07-26T03:06:55.940Z - [REQUEST]: Client Request for Project Graph Received
[NX Daemon Server] - 2024-07-26T03:06:55.940Z - [REQUEST]: Responding to the client. project-graph
[NX Daemon Server] - 2024-07-26T03:06:55.944Z - Time taken for 'total for creating and serializing project graph' 0.7218559980392456ms
[NX Daemon Server] - 2024-07-26T03:06:55.949Z - Done responding to the client project-graph
[NX Daemon Server] - 2024-07-26T03:06:55.950Z - Handled REQUEST_PROJECT_GRAPH. Handling time: 1. Response time: 10.
[NX Daemon Server] - 2024-07-26T03:06:56.099Z - [REQUEST]: Responding to the client. handleHashTasks
[NX Daemon Server] - 2024-07-26T03:06:56.100Z - Done responding to the client handleHashTasks
[NX Daemon Server] - 2024-07-26T03:06:56.100Z - Handled HASH_TASKS. Handling time: 79. Response time: 1.
[NX Daemon Server] - 2024-07-26T03:06:56.832Z - [REQUEST]: Responding to the client. recordOutputsHash
[NX Daemon Server] - 2024-07-26T03:06:56.832Z - Done responding to the client recordOutputsHash
[NX Daemon Server] - 2024-07-26T03:06:56.833Z - Handled RECORD_OUTPUTS_HASH. Handling time: 3. Response time: 1.
[NX Daemon Server] - 2024-07-26T03:06:56.866Z - Closed a connection. Number of open connections: 1
[NX Daemon Server] - 2024-07-26T03:06:56.866Z - Closed a connection. Number of open connections: 0
[NX Daemon Server] - 2024-07-26T03:07:59.341Z - [WATCHER]: packages/page-spy-harmony/library/src/main/ets/types/lib/index.d.ts was modified
[NX Daemon Server] - 2024-07-26T03:07:59.343Z - [WATCHER]: Processing file changes in outputs
[NX Daemon Server] - 2024-07-26T03:07:59.449Z - [REQUEST]: Updated workspace context based on watched changes, recomputing project graph...
[NX Daemon Server] - 2024-07-26T03:07:59.449Z - [REQUEST]: packages/page-spy-harmony/library/src/main/ets/types/lib/index.d.ts
[NX Daemon Server] - 2024-07-26T03:07:59.449Z - [REQUEST]: 
[NX Daemon Server] - 2024-07-26T03:07:59.465Z - Time taken for 'hash changed files from watcher' 1.5554389953613281ms
[NX Daemon Server] - 2024-07-26T03:07:59.575Z - Time taken for 'build-project-configs' 91.0406129360199ms
[NX Daemon Server] - 2024-07-26T03:07:59.679Z - Time taken for 'total execution time for createProjectGraph()' 99.71490705013275ms
[NX Daemon Server] - 2024-07-26T03:08:14.351Z - [WATCHER]: packages/page-spy-mp-base/src/config.ts was modified
[NX Daemon Server] - 2024-07-26T03:08:14.352Z - [WATCHER]: Processing file changes in outputs
[NX Daemon Server] - 2024-07-26T03:08:14.555Z - [REQUEST]: Updated workspace context based on watched changes, recomputing project graph...
[NX Daemon Server] - 2024-07-26T03:08:14.556Z - [REQUEST]: packages/page-spy-mp-base/src/config.ts
[NX Daemon Server] - 2024-07-26T03:08:14.556Z - [REQUEST]: 
[NX Daemon Server] - 2024-07-26T03:08:14.567Z - Time taken for 'hash changed files from watcher' 2.068567991256714ms
[NX Daemon Server] - 2024-07-26T03:08:14.629Z - Time taken for 'build-project-configs' 51.284002900123596ms
[NX Daemon Server] - 2024-07-26T03:08:14.733Z - Time taken for 'total execution time for createProjectGraph()' 77.15722405910492ms
[NX Daemon Server] - 2024-07-26T03:08:23.269Z - [WATCHER]: packages/page-spy-react-native/src/config.ts was modified
[NX Daemon Server] - 2024-07-26T03:08:23.269Z - [WATCHER]: Processing file changes in outputs
[NX Daemon Server] - 2024-07-26T03:08:23.673Z - [REQUEST]: Updated workspace context based on watched changes, recomputing project graph...
[NX Daemon Server] - 2024-07-26T03:08:23.673Z - [REQUEST]: packages/page-spy-react-native/src/config.ts
[NX Daemon Server] - 2024-07-26T03:08:23.673Z - [REQUEST]: 
[NX Daemon Server] - 2024-07-26T03:08:23.684Z - Time taken for 'hash changed files from watcher' 1.3476390838623047ms
[NX Daemon Server] - 2024-07-26T03:08:23.772Z - Time taken for 'build-project-configs' 80.44351601600647ms
[NX Daemon Server] - 2024-07-26T03:08:23.837Z - Time taken for 'total execution time for createProjectGraph()' 53.271989941596985ms
